
Attaching package: ‘dplyr’

The following objects are masked from ‘package:stats’:

    filter, lag

The following objects are masked from ‘package:base’:

    intersect, setdiff, setequal, union


Attaching package: ‘MASS’

The following object is masked from ‘package:dplyr’:

    select

Over-dispersion detected (deviance/df = 347.47). Using Negative Binomial.

Model: neg_binom 

Call:
MASS::glm.nb(formula = f_glm, data = train, init.theta = 0.9632968593, 
    link = log)

Coefficients: (1 not defined because of singularities)
                          Estimate Std. Error z value Pr(>|z|)    
(Intercept)             -2.013e+00  4.449e-01  -4.525 6.03e-06 ***
randomised               1.151e+00  5.076e-01   2.267   0.0234 *  
double_blind            -3.065e-01  4.594e-01  -0.667   0.5046    
condition_is_diabetes           NA         NA      NA       NA    
therapeutic_areaUnknown  8.573e-02  6.300e-01   0.136   0.8918    
nonserious_ae_count      8.743e-05  8.276e-05   1.056   0.2908    
---
Signif. codes:  0 ‘***’ 0.001 ‘**’ 0.01 ‘*’ 0.05 ‘.’ 0.1 ‘ ’ 1

(Dispersion parameter for Negative Binomial(0.9633) family taken to be 1)

    Null deviance: 39.917  on 30  degrees of freedom
Residual deviance: 35.562  on 26  degrees of freedom
AIC: 405.33

Number of Fisher Scoring iterations: 1


              Theta:  0.963 
          Std. Err.:  0.221 

 2 x log-likelihood:  -393.329 
Saved model: /kyukon/scratch/gent/503/vsc50317/project_nextflow_microcredential_ilse/work/4d/d65be1f18dc3924087c4e11d7d4372/model_deaths.rds
