[[1]]
[[1]]$n
[1] 38

[[1]]$success
 [1] "2005-002084-85-DK" "2006-002529-21-ES" "2007-002997-72-ES"
 [4] "2007-005182-35-BE" "2008-005713-22-ES" "2008-006801-17-BE"
 [7] "2009-015476-98-BE" "2009-017905-13-BE" "2010-019577-16-BE"
[10] "2010-022902-41-BE" "2010-024238-46-DE" "2011-000509-29-BE"
[13] "2011-001965-42-ES" "2011-005189-39-ES" "2011-005328-17-ES"
[16] "2011-005334-20-BE" "2012-001628-37-BE" "2012-002018-37-BE"
[19] "2012-003442-32-FR" "2012-004492-38-BE" "2012-004902-82-BE"
[22] "2013-000123-13-BE" "2013-000829-31-NL" "2013-001161-16-IT"
[25] "2013-001352-34-ES" "2014-001458-40-BE" "2014-002249-22-DE"
[28] "2015-000380-13-BE" "2016-001432-35-BE" "2016-002453-38-BE"
[31] "2017-001994-18-BE" "2018-000221-31-BE" "2018-000222-61-BE"
[34] "2018-003069-33-BE" "2019-002741-37-BE" "2020-002818-41-DE"
[37] "2020-005048-46-BE" "2021-000398-10-BE"

[[1]]$failed
NULL

[[1]]$queryterm
[1] "query=HER2-positive metastatic breast cancer&phase=phase-three&status=completed"

attr(,"ctrdata-dbname")
[1] "/kyukon/scratch/gent/503/vsc50317/project_nextflow_microcredential_ilse/work/34/d1ec58bfd586a549e24e4020ccce75/clinicaltrials.duckdb"
attr(,"ctrdata-collection")
[1] "studies"
attr(,"ctrdata-dbqueryhistory")
# A tibble: 2 × 4
  `query-timestamp`   `query-register` `query-records` `query-term`             
  <chr>               <chr>                      <int> <chr>                    
1 2025-12-11 19:51:10 EUCTR                         38 query=HER2-positive meta…
2 2025-12-11 19:54:15 EUCTR                         38 query=HER2-positive meta…

