[[1]]
[[1]]$n
[1] 56

[[1]]$success
 [1] "2011-005328-17-ES" "2012-001628-37-BE" "2010-022902-41-BE"
 [4] "2013-000123-13-BE" "2017-004897-32-BE" "2011-000509-29-BE"
 [7] "2012-004879-38-BE" "2012-003442-32-FR" "2013-001161-16-IT"
[10] "2013-000829-31-NL" "2012-003554-83-BE" "2010-024238-46-DE"
[13] "2014-001458-40-BE" "2006-001707-11-NL" "2019-002741-37-BE"
[16] "2011-004714-41-DE" "2018-001881-40-ES" "2014-002249-22-DE"
[19] "2013-004679-11-IT" "2006-002529-21-ES" "2007-002997-72-ES"
[22] "2013-004525-84-ES" "2017-001994-18-BE" "2014-000619-14-DE"
[25] "2011-005189-39-ES" "2012-003679-21-DE" "2007-001826-28-GB"
[28] "2008-005713-22-ES" "2009-015476-98-BE" "2012-000660-22-BE"
[31] "2019-004699-21-DE" "2013-001352-34-ES" "2011-005334-20-BE"
[34] "2007-005182-35-BE" "2012-002018-37-BE" "2018-000221-31-BE"
[37] "2012-004902-82-BE" "2016-003984-20-DE" "2018-003069-33-BE"
[40] "2018-000236-97-HU" "2009-017905-13-BE" "2016-001432-35-BE"
[43] "2012-004492-38-BE" "2015-000380-13-BE" "2020-005048-46-BE"
[46] "2021-000603-21-ES" "2011-001965-42-ES" "2020-004035-24-BE"
[49] "2016-002453-38-BE" "2010-019577-16-BE" "2005-002084-85-DK"
[52] "2020-002818-41-DE" "2007-002016-26-FI" "2018-000222-61-BE"
[55] "2008-006801-17-BE" "2021-000398-10-BE"

[[1]]$failed
NULL

[[1]]$queryterm
[1] "query=HER2-positive&phase=phase-three&status=completed"

attr(,"ctrdata-dbname")
[1] "/kyukon/scratch/gent/503/vsc50317/project_nextflow_microcredential_ilse/work/90/10b09567df86f1688ae68906876ced/clinicaltrials.duckdb"
attr(,"ctrdata-collection")
[1] "studies"
attr(,"ctrdata-dbqueryhistory")
# A tibble: 1 × 4
  `query-timestamp`   `query-register` `query-records` `query-term`             
  <chr>               <chr>                      <int> <chr>                    
1 2025-12-11 21:26:59 EUCTR                         56 query=HER2-positive&phas…

